TN:
SF:src\functions.js
FN:1,sum
FN:5,isValidName
FN:12,isValidEmail
FN:18,saveUserToDatabase
FNF:4
FNH:4
FNDA:4,sum
FNDA:9,isValidName
FNDA:7,isValidEmail
FNDA:1,saveUserToDatabase
DA:2,4
DA:6,9
DA:13,7
DA:19,1
DA:20,1
DA:21,0
DA:23,1
DA:24,0
DA:26,1
DA:30,1
DA:31,1
DA:32,1
DA:36,1
LF:13
LH:11
BRDA:6,0,0,9
BRDA:6,0,1,9
BRDA:6,0,2,6
BRDA:6,0,3,5
BRDA:13,1,0,7
BRDA:13,1,1,7
BRDA:13,1,2,3
BRDA:20,2,0,0
BRDA:20,2,1,1
BRDA:20,3,0,1
BRDA:20,3,1,1
BRDA:23,4,0,0
BRDA:23,4,1,1
BRF:13
BRH:11
end_of_record
TN:
SF:src\db\db.js
FNF:0
FNH:0
DA:2,1
DA:3,1
DA:5,1
DA:14,1
LF:4
LH:4
BRF:0
BRH:0
end_of_record
